12:27:47.053 [TestNG-tests-3] INFO  tests.RegistrationTest - Initialized driver
12:27:47.070 [TestNG-tests-3] INFO  tests.RegistrationTest - ********* Starting Registration*********
12:27:47.206 [TestNG-tests-3] INFO  tests.RegistrationTest - Clicked on MyAccount Link
12:27:47.446 [TestNG-tests-1] INFO  tests.LoginTest - My account is clicked
12:27:48.028 [TestNG-tests-3] INFO  tests.RegistrationTest - Clicked on MyRegister Link
12:27:48.033 [TestNG-tests-3] INFO  tests.RegistrationTest - Providing customer details.....
12:27:48.372 [TestNG-tests-3] INFO  tests.RegistrationTest - Creating dynamic password.....
12:27:49.170 [TestNG-tests-2] INFO  tests.DPLoginTest - login to application
12:27:49.178 [TestNG-tests-1] INFO  tests.LoginTest - Passed
12:27:49.178 [TestNG-tests-1] INFO  tests.LoginTest - ********* Finished LandingPageTest*********
12:27:49.259 [TestNG-tests-2] INFO  tests.DPLoginTest - Successful
12:27:49.259 [TestNG-tests-2] INFO  tests.DPLoginTest - ********* Finished LandingPageTest*********
12:27:49.584 [TestNG-tests-3] INFO  tests.RegistrationTest - Validating expected message
12:27:53.809 [TestNG-tests-2] INFO  tests.DPLoginTest - ********* Starting LandingPageTest*********
12:27:55.204 [TestNG-tests-2] INFO  tests.DPLoginTest - login to application
12:28:05.262 [TestNG-tests-2] INFO  tests.DPLoginTest - validate message is false
12:28:05.262 [TestNG-tests-2] INFO  tests.DPLoginTest - ********* Finished LandingPageTest*********
12:28:30.966 [main] DEBUG org.testng.TestNG - suiteXmlPath: "C:\Users\bukad\OneDrive\Desktop\Projects\SeleniumFramework\parallel.xml"
12:28:31.465 [main] INFO  org.testng.internal.Utils - [TestNG] Running:
  C:\Users\bukad\OneDrive\Desktop\Projects\SeleniumFramework\parallel.xml

12:28:36.824 [TestNG-tests-1] INFO  tests.LoginTest - Initialized driver
12:28:36.840 [TestNG-tests-1] INFO  tests.LoginTest - ********* Starting LoginTest*********
12:28:36.946 [TestNG-tests-3] INFO  tests.RegistrationTest - Initialized driver
12:28:36.949 [TestNG-tests-3] INFO  tests.RegistrationTest - ********* Starting Registration*********
12:28:37.037 [TestNG-tests-3] INFO  tests.RegistrationTest - Clicked on MyAccount Link
12:28:37.098 [TestNG-tests-2] INFO  tests.DPLoginTest - ********* Starting LandingPageTest*********
12:28:37.507 [TestNG-tests-1] INFO  tests.LoginTest - My account is clicked
12:28:37.873 [TestNG-tests-3] INFO  tests.RegistrationTest - Clicked on MyRegister Link
12:28:37.878 [TestNG-tests-3] INFO  tests.RegistrationTest - Providing customer details.....
12:28:38.266 [TestNG-tests-3] INFO  tests.RegistrationTest - Creating dynamic password.....
12:28:39.156 [TestNG-tests-1] INFO  tests.LoginTest - Passed
12:28:39.156 [TestNG-tests-1] INFO  tests.LoginTest - ********* Finished LandingPageTest*********
12:28:39.368 [TestNG-tests-2] INFO  tests.DPLoginTest - login to application
12:28:39.401 [TestNG-tests-3] INFO  tests.RegistrationTest - Validating expected message
12:28:39.463 [TestNG-tests-2] INFO  tests.DPLoginTest - Successful
12:28:39.463 [TestNG-tests-2] INFO  tests.DPLoginTest - ********* Finished LandingPageTest*********
12:28:43.669 [TestNG-tests-2] INFO  tests.DPLoginTest - ********* Starting LandingPageTest*********
12:28:45.142 [TestNG-tests-2] INFO  tests.DPLoginTest - login to application
12:28:55.188 [TestNG-tests-2] INFO  tests.DPLoginTest - validate message is false
12:28:55.188 [TestNG-tests-2] INFO  tests.DPLoginTest - ********* Finished LandingPageTest*********
12:34:12.204 [main] DEBUG org.testng.TestNG - suiteXmlPath: "C:\Users\bukad\OneDrive\Desktop\Projects\SeleniumFramework\listener.xml"
12:34:17.257 [main] INFO  tests.LoginTest - Initialized driver
12:34:17.270 [main] INFO  tests.LoginTest - ********* Starting LoginTest*********
12:34:17.856 [main] INFO  tests.LoginTest - My account is clicked
12:34:19.388 [main] INFO  tests.LoginTest - Passed
12:34:19.389 [main] INFO  tests.LoginTest - ********* Finished LandingPageTest*********
12:34:23.803 [main] INFO  tests.DPLoginTest - ********* Starting LandingPageTest*********
12:34:25.977 [main] INFO  tests.DPLoginTest - login to application
12:34:26.052 [main] INFO  tests.DPLoginTest - Successful
12:34:26.053 [main] INFO  tests.DPLoginTest - ********* Finished LandingPageTest*********
12:34:30.098 [main] INFO  tests.DPLoginTest - ********* Starting LandingPageTest*********
12:34:31.442 [main] INFO  tests.DPLoginTest - login to application
12:34:41.504 [main] INFO  tests.DPLoginTest - validate message is false
12:34:41.504 [main] INFO  tests.DPLoginTest - ********* Finished LandingPageTest*********
12:34:45.460 [main] INFO  tests.RegistrationTest - Initialized driver
12:34:45.461 [main] INFO  tests.RegistrationTest - ********* Starting Registration*********
12:34:45.525 [main] INFO  tests.RegistrationTest - Clicked on MyAccount Link
12:34:46.296 [main] INFO  tests.RegistrationTest - Clicked on MyRegister Link
12:34:46.299 [main] INFO  tests.RegistrationTest - Providing customer details.....
12:34:46.712 [main] INFO  tests.RegistrationTest - Creating dynamic password.....
12:34:47.898 [main] INFO  tests.RegistrationTest - Validating expected message
15:10:24.929 [main] DEBUG org.testng.TestNG - suiteXmlPath: "C:\Users\bukad\OneDrive\Desktop\Projects\SeleniumFramework\testng.xml"
15:10:25.240 [main] INFO  org.testng.internal.Utils - [TestNG] Running:
  C:\Users\bukad\OneDrive\Desktop\Projects\SeleniumFramework\testng.xml

15:10:29.134 [main] INFO  tests.DPLoginTest - ********* Starting LandingPageTest*********
15:10:33.898 [main] INFO  tests.DPLoginTest - login to application
15:10:34.068 [main] INFO  tests.DPLoginTest - Successful
15:10:34.083 [main] INFO  tests.DPLoginTest - ********* Finished LandingPageTest*********
15:10:40.427 [main] INFO  tests.DPLoginTest - ********* Starting LandingPageTest*********
15:10:42.317 [main] INFO  tests.DPLoginTest - login to application
15:10:52.393 [main] INFO  tests.DPLoginTest - validate message is false
15:10:52.394 [main] INFO  tests.DPLoginTest - ********* Finished LandingPageTest*********
15:10:59.151 [main] INFO  tests.RegistrationTest - Initialized driver
15:10:59.159 [main] INFO  tests.RegistrationTest - ********* Starting Registration*********
15:10:59.354 [main] INFO  tests.RegistrationTest - Clicked on MyAccount Link
15:11:00.292 [main] INFO  tests.RegistrationTest - Clicked on MyRegister Link
15:11:00.296 [main] INFO  tests.RegistrationTest - Providing customer details.....
15:11:00.767 [main] INFO  tests.RegistrationTest - Creating dynamic password.....
15:11:01.971 [main] INFO  tests.RegistrationTest - Validating expected message
15:11:06.770 [main] INFO  tests.LoginTest - Initialized driver
15:11:06.773 [main] INFO  tests.LoginTest - ********* Starting LoginTest*********
15:11:07.354 [main] INFO  tests.LoginTest - My account is clicked
15:11:08.983 [main] INFO  tests.LoginTest - Passed
15:11:08.984 [main] INFO  tests.LoginTest - ********* Finished LandingPageTest*********
